▶️ Committing changes to GitHub...
On branch main
nothing to commit, working tree clean
⚠️ Nothing to commit.
To github.com:theunfamiliar/roam-semantic-search.git
   f112d04..25254c0  main -> main
🚀 SSHing into VPS and pulling latest code...
Pseudo-terminal will not be allocated because stdin is not a terminal.
━━━━━━━━━━━━━━━━━━━━━━━━━━━━━━━━━━━━
📍 Connected to VPS - Starting Deploy
━━━━━━━━━━━━━━━━━━━━━━━━━━━━━━━━━━━━
📦 Forcing latest from GitHub (reset)...
From github.com:theunfamiliar/roam-semantic-search
   f112d04..25254c0  main       -> origin/main
HEAD is now at 25254c0 🐛 Fix port 8000 blocking with fuser kill
🧠 Checking for server.py...
🛑 Releasing port 8000 if blocked...
 2769658000/tcp:           
🔄 Restarting API service...
🪵 Dumping last 30 log lines from semantic-api.service...
May 11 11:22:24 vmi2583988 systemd[1]: semantic-api.service: Main process exited, code=exited, status=1/FAILURE
May 11 11:22:24 vmi2583988 systemd[1]: semantic-api.service: Failed with result 'exit-code'.
May 11 11:22:24 vmi2583988 systemd[1]: semantic-api.service: Consumed 15.758s CPU time.
May 11 11:22:27 vmi2583988 systemd[1]: semantic-api.service: Scheduled restart job, restart counter is at 16.
May 11 11:22:27 vmi2583988 systemd[1]: Starting semantic-api.service - Semantic Search API (Roam)...
May 11 11:22:27 vmi2583988 systemd[1]: Started semantic-api.service - Semantic Search API (Roam).
May 11 11:22:40 vmi2583988 uvicorn[280166]: INFO:     Started server process [280166]
May 11 11:22:40 vmi2583988 uvicorn[280166]: INFO:     Waiting for application startup.
May 11 11:22:40 vmi2583988 uvicorn[280166]: INFO:     Application startup complete.
May 11 11:22:40 vmi2583988 uvicorn[280166]: ERROR:    [Errno 98] error while attempting to bind on address ('0.0.0.0', 8000): address already in use
May 11 11:22:40 vmi2583988 uvicorn[280166]: INFO:     Waiting for application shutdown.
May 11 11:22:40 vmi2583988 uvicorn[280166]: INFO:     Application shutdown complete.
May 11 11:22:40 vmi2583988 uvicorn[280166]: 🔍 Registered routes:
May 11 11:22:40 vmi2583988 uvicorn[280166]:   /openapi.json -> openapi (GET,HEAD)
May 11 11:22:40 vmi2583988 uvicorn[280166]:   /docs -> swagger_ui_html (GET,HEAD)
May 11 11:22:40 vmi2583988 uvicorn[280166]:   /docs/oauth2-redirect -> swagger_ui_redirect (GET,HEAD)
May 11 11:22:40 vmi2583988 uvicorn[280166]:   /redoc -> redoc_html (GET,HEAD)
May 11 11:22:40 vmi2583988 uvicorn[280166]:   / -> root (GET)
May 11 11:22:40 vmi2583988 uvicorn[280166]:   /ping -> ping (GET)
May 11 11:22:40 vmi2583988 uvicorn[280166]:   /docs -> docs_redirect (GET)
May 11 11:22:40 vmi2583988 uvicorn[280166]:   /semantic -> semantic_entrypoint (POST)
May 11 11:22:40 vmi2583988 uvicorn[280166]:   /search -> legacy_search (POST)
May 11 11:22:40 vmi2583988 uvicorn[280166]:   /reindex -> reindex (POST)
May 11 11:22:41 vmi2583988 systemd[1]: semantic-api.service: Main process exited, code=exited, status=1/FAILURE
May 11 11:22:41 vmi2583988 systemd[1]: semantic-api.service: Failed with result 'exit-code'.
May 11 11:22:41 vmi2583988 systemd[1]: semantic-api.service: Consumed 14.853s CPU time.
May 11 11:22:44 vmi2583988 systemd[1]: Stopped semantic-api.service - Semantic Search API (Roam).
May 11 11:22:44 vmi2583988 systemd[1]: semantic-api.service: Consumed 14.853s CPU time.
May 11 11:22:44 vmi2583988 systemd[1]: Starting semantic-api.service - Semantic Search API (Roam)...
May 11 11:22:44 vmi2583988 systemd[1]: Started semantic-api.service - Semantic Search API (Roam).
⏳ Waiting for API to boot...
📡 Hitting root route...
