â–¶ï¸ Committing changes to GitHub...
On branch main
nothing to commit, working tree clean
âš ï¸ Nothing to commit.
Everything up-to-date
ðŸš€ SSHing into VPS and pulling latest code...
Pseudo-terminal will not be allocated because stdin is not a terminal.
â”â”â”â”â”â”â”â”â”â”â”â”â”â”â”â”â”â”â”â”â”â”â”â”â”â”â”â”â”â”â”â”â”â”â”â”
ðŸ“ Connected to VPS - Starting Deploy
â”â”â”â”â”â”â”â”â”â”â”â”â”â”â”â”â”â”â”â”â”â”â”â”â”â”â”â”â”â”â”â”â”â”â”â”
ðŸ“¦ Pulling latest from GitHub...
From github.com:theunfamiliar/roam-semantic-search
 * branch            main       -> FETCH_HEAD
 + 14ec607...edc4da0 main       -> origin/main  (forced update)
hint: You have divergent branches and need to specify how to reconcile them.
hint: You can do so by running one of the following commands sometime before
hint: your next pull:
hint: 
hint:   git config pull.rebase false  # merge
hint:   git config pull.rebase true   # rebase
hint:   git config pull.ff only       # fast-forward only
hint: 
hint: You can replace "git config" with "git config --global" to set a default
hint: preference for all repositories. You can also pass --rebase, --no-rebase,
hint: or --ff-only on the command line to override the configured default per
hint: invocation.
fatal: Need to specify how to reconcile divergent branches.
