▶️ Committing changes to GitHub...
On branch main
nothing to commit, working tree clean
⚠️ Nothing to commit.
To github.com:theunfamiliar/roam-semantic-search.git
   b56a250..f112d04  main -> main
🚀 SSHing into VPS and pulling latest code...
Pseudo-terminal will not be allocated because stdin is not a terminal.
━━━━━━━━━━━━━━━━━━━━━━━━━━━━━━━━━━━━
📍 Connected to VPS - Starting Deploy
━━━━━━━━━━━━━━━━━━━━━━━━━━━━━━━━━━━━
📦 Forcing latest from GitHub (reset)...
From github.com:theunfamiliar/roam-semantic-search
   b56a250..f112d04  main       -> origin/main
HEAD is now at f112d04 🧭 Add pagination support to semantic search
🧠 Checking for server.py...
🔄 Restarting API service...
🪵 Dumping last 30 log lines from semantic-api.service...
May 11 11:16:24 vmi2583988 systemd[1]: semantic-api.service: Main process exited, code=exited, status=1/FAILURE
May 11 11:16:24 vmi2583988 systemd[1]: semantic-api.service: Failed with result 'exit-code'.
May 11 11:16:24 vmi2583988 systemd[1]: semantic-api.service: Consumed 17.280s CPU time.
May 11 11:16:27 vmi2583988 systemd[1]: semantic-api.service: Scheduled restart job, restart counter is at 86.
May 11 11:16:27 vmi2583988 systemd[1]: Starting semantic-api.service - Semantic Search API (Roam)...
May 11 11:16:27 vmi2583988 systemd[1]: Started semantic-api.service - Semantic Search API (Roam).
May 11 11:16:32 vmi2583988 systemd[1]: Stopping semantic-api.service - Semantic Search API (Roam)...
May 11 11:16:41 vmi2583988 uvicorn[279863]: INFO:     Started server process [279863]
May 11 11:16:41 vmi2583988 uvicorn[279863]: INFO:     Waiting for application startup.
May 11 11:16:41 vmi2583988 uvicorn[279863]: INFO:     Application startup complete.
May 11 11:16:41 vmi2583988 uvicorn[279863]: ERROR:    [Errno 98] error while attempting to bind on address ('0.0.0.0', 8000): address already in use
May 11 11:16:41 vmi2583988 uvicorn[279863]: INFO:     Waiting for application shutdown.
May 11 11:16:41 vmi2583988 uvicorn[279863]: INFO:     Application shutdown complete.
May 11 11:16:41 vmi2583988 uvicorn[279863]: 🔍 Registered routes:
May 11 11:16:41 vmi2583988 uvicorn[279863]:   /openapi.json -> openapi (HEAD,GET)
May 11 11:16:41 vmi2583988 uvicorn[279863]:   /docs -> swagger_ui_html (HEAD,GET)
May 11 11:16:41 vmi2583988 uvicorn[279863]:   /docs/oauth2-redirect -> swagger_ui_redirect (HEAD,GET)
May 11 11:16:41 vmi2583988 uvicorn[279863]:   /redoc -> redoc_html (HEAD,GET)
May 11 11:16:41 vmi2583988 uvicorn[279863]:   / -> root (GET)
May 11 11:16:41 vmi2583988 uvicorn[279863]:   /ping -> ping (GET)
May 11 11:16:41 vmi2583988 uvicorn[279863]:   /docs -> docs_redirect (GET)
May 11 11:16:41 vmi2583988 uvicorn[279863]:   /semantic -> semantic_entrypoint (POST)
May 11 11:16:41 vmi2583988 uvicorn[279863]:   /search -> legacy_search (POST)
May 11 11:16:41 vmi2583988 uvicorn[279863]:   /reindex -> reindex (POST)
May 11 11:16:43 vmi2583988 systemd[1]: semantic-api.service: Main process exited, code=exited, status=1/FAILURE
May 11 11:16:43 vmi2583988 systemd[1]: semantic-api.service: Failed with result 'exit-code'.
May 11 11:16:43 vmi2583988 systemd[1]: Stopped semantic-api.service - Semantic Search API (Roam).
May 11 11:16:43 vmi2583988 systemd[1]: semantic-api.service: Consumed 16.338s CPU time.
May 11 11:16:43 vmi2583988 systemd[1]: Starting semantic-api.service - Semantic Search API (Roam)...
May 11 11:16:43 vmi2583988 systemd[1]: Started semantic-api.service - Semantic Search API (Roam).
⏳ Waiting for API to boot...
📡 Hitting root route...
